# JRE version: OpenJDK Runtime Environment Temurin-11.0.16.1+1 (11.0.16.1+1) (build 11.0.16.1+1)
# Java VM: OpenJDK 64-Bit Server VM Temurin-11.0.16.1+1 (11.0.16.1+1, mixed mode, tiered, compressed oops, g1 gc, bsd-aarch64)
Heap:
 garbage-first heap   total 130048K, used 49657K [0x0000000740000000, 0x00000007c0000000)
  region size 1024K, 12 young (12288K), 5 survivors (5120K)
 Metaspace       used 82179K, capacity 85024K, committed 85456K, reserved 1122304K
  class space    used 10594K, capacity 11766K, committed 11904K, reserved 1048576K
GC Heap History (20 events):
Event: 3.087 GC heap before
{Heap before GC invocations=14 (full 0):
 garbage-first heap   total 207872K, used 139801K [0x0000000740000000, 0x00000007c0000000)
  region size 1024K, 121 young (123904K), 10 survivors (10240K)
 Metaspace       used 64041K, capacity 65766K, committed 66000K, reserved 1105920K
  class space    used 8297K, capacity 8979K, committed 9088K, reserved 1048576K
}
Event: 3.090 GC heap after
{Heap after GC invocations=15 (full 0):
 garbage-first heap   total 207872K, used 28646K [0x0000000740000000, 0x00000007c0000000)
  region size 1024K, 10 young (10240K), 10 survivors (10240K)
 Metaspace       used 64041K, capacity 65766K, committed 66000K, reserved 1105920K
  class space    used 8297K, capacity 8979K, committed 9088K, reserved 1048576K
}
Event: 3.523 GC heap before
{Heap before GC invocations=15 (full 0):
 garbage-first heap   total 207872K, used 141286K [0x0000000740000000, 0x00000007c0000000)
  region size 1024K, 121 young (123904K), 10 survivors (10240K)
 Metaspace       used 68041K, capacity 69904K, committed 70096K, reserved 1110016K
  class space    used 8815K, capacity 9544K, committed 9600K, reserved 1048576K
}
Event: 3.531 GC heap after
{Heap after GC invocations=16 (full 0):
 garbage-first heap   total 207872K, used 33653K [0x0000000740000000, 0x00000007c0000000)
  region size 1024K, 12 young (12288K), 12 survivors (12288K)
 Metaspace       used 68041K, capacity 69904K, committed 70096K, reserved 1110016K
  class space    used 8815K, capacity 9544K, committed 9600K, reserved 1048576K
}
Event: 4.749 GC heap before
{Heap before GC invocations=16 (full 0):
 garbage-first heap   total 207872K, used 155509K [0x0000000740000000, 0x00000007c0000000)
  region size 1024K, 121 young (123904K), 12 survivors (12288K)
 Metaspace       used 74910K, capacity 76995K, committed 77136K, reserved 1116160K
  class space    used 9600K, capacity 10416K, committed 10496K, reserved 1048576K
}
Event: 4.755 GC heap after
{Heap after GC invocations=17 (full 0):
 garbage-first heap   total 249856K, used 37630K [0x0000000740000000, 0x00000007c0000000)
  region size 1024K, 12 young (12288K), 12 survivors (12288K)
 Metaspace       used 74910K, capacity 76995K, committed 77136K, reserved 1116160K
  class space    used 9600K, capacity 10416K, committed 10496K, reserved 1048576K
}
Event: 39.798 GC heap before
{Heap before GC invocations=17 (full 0):
 garbage-first heap   total 249856K, used 173822K [0x0000000740000000, 0x00000007c0000000)
  region size 1024K, 146 young (149504K), 12 survivors (12288K)
 Metaspace       used 80714K, capacity 83397K, committed 83664K, reserved 1122304K
  class space    used 10452K, capacity 11584K, committed 11648K, reserved 1048576K
}
Event: 39.823 GC heap after
{Heap after GC invocations=18 (full 0):
 garbage-first heap   total 249856K, used 43289K [0x0000000740000000, 0x00000007c0000000)
  region size 1024K, 15 young (15360K), 15 survivors (15360K)
 Metaspace       used 80714K, capacity 83397K, committed 83664K, reserved 1122304K
  class space    used 10452K, capacity 11584K, committed 11648K, reserved 1048576K
}
Event: 678.214 GC heap before
{Heap before GC invocations=18 (full 0):
 garbage-first heap   total 249856K, used 176409K [0x0000000740000000, 0x00000007c0000000)
  region size 1024K, 146 young (149504K), 15 survivors (15360K)
 Metaspace       used 81132K, capacity 83958K, committed 84304K, reserved 1122304K
  class space    used 10513K, capacity 11677K, committed 11776K, reserved 1048576K
}
Event: 678.247 GC heap after
{Heap after GC invocations=19 (full 0):
 garbage-first heap   total 249856K, used 43719K [0x0000000740000000, 0x00000007c0000000)
  region size 1024K, 11 young (11264K), 11 survivors (11264K)
 Metaspace       used 81132K, capacity 83958K, committed 84304K, reserved 1122304K
  class space    used 10513K, capacity 11677K, committed 11776K, reserved 1048576K
}
Event: 824.446 GC heap before
{Heap before GC invocations=19 (full 0):
 garbage-first heap   total 249856K, used 75463K [0x0000000740000000, 0x00000007c0000000)
  region size 1024K, 43 young (44032K), 11 survivors (11264K)
 Metaspace       used 81327K, capacity 84179K, committed 84304K, reserved 1122304K
  class space    used 10544K, capacity 11730K, committed 11776K, reserved 1048576K
}
Event: 824.519 GC heap after
{Heap after GC invocations=20 (full 1):
 garbage-first heap   total 130048K, used 36815K [0x0000000740000000, 0x00000007c0000000)
  region size 1024K, 0 young (0K), 0 survivors (0K)
 Metaspace       used 81173K, capacity 83936K, committed 84304K, reserved 1122304K
  class space    used 10509K, capacity 11664K, committed 11776K, reserved 1048576K
}
Event: 824.964 GC heap before
{Heap before GC invocations=20 (full 1):
 garbage-first heap   total 130048K, used 106447K [0x0000000740000000, 0x00000007c0000000)
  region size 1024K, 68 young (69632K), 0 survivors (0K)
 Metaspace       used 81363K, capacity 84202K, committed 84560K, reserved 1122304K
  class space    used 10535K, capacity 11707K, committed 11776K, reserved 1048576K
}
Event: 824.967 GC heap after
{Heap after GC invocations=21 (full 1):
 garbage-first heap   total 130048K, used 40911K [0x0000000740000000, 0x00000007c0000000)
  region size 1024K, 4 young (4096K), 4 survivors (4096K)
 Metaspace       used 81363K, capacity 84202K, committed 84560K, reserved 1122304K
  class space    used 10535K, capacity 11707K, committed 11776K, reserved 1048576K
}
Event: 825.177 GC heap before
{Heap before GC invocations=21 (full 1):
 garbage-first heap   total 130048K, used 106447K [0x0000000740000000, 0x00000007c0000000)
  region size 1024K, 68 young (69632K), 4 survivors (4096K)
 Metaspace       used 82108K, capacity 84945K, committed 85200K, reserved 1122304K
  class space    used 10589K, capacity 11762K, committed 11904K, reserved 1048576K
}
Event: 825.180 GC heap after
{Heap after GC invocations=22 (full 1):
 garbage-first heap   total 130048K, used 42431K [0x0000000740000000, 0x00000007c0000000)
  region size 1024K, 6 young (6144K), 6 survivors (6144K)
 Metaspace       used 82108K, capacity 84945K, committed 85200K, reserved 1122304K
  class space    used 10589K, capacity 11762K, committed 11904K, reserved 1048576K
}
Event: 869.742 GC heap before
{Heap before GC invocations=22 (full 1):
 garbage-first heap   total 130048K, used 106943K [0x0000000740000000, 0x00000007c0000000)
  region size 1024K, 69 young (70656K), 6 survivors (6144K)
 Metaspace       used 82136K, capacity 84957K, committed 85200K, reserved 1122304K
  class space    used 10592K, capacity 11765K, committed 11904K, reserved 1048576K
}
Event: 869.807 GC heap after
{Heap after GC invocations=23 (full 1):
 garbage-first heap   total 130048K, used 43685K [0x0000000740000000, 0x00000007c0000000)
  region size 1024K, 5 young (5120K), 5 survivors (5120K)
 Metaspace       used 82136K, capacity 84957K, committed 85200K, reserved 1122304K
  class space    used 10592K, capacity 11765K, committed 11904K, reserved 1048576K
}
Event: 1227.075 GC heap before
{Heap before GC invocations=23 (full 1):
 garbage-first heap   total 130048K, used 106149K [0x0000000740000000, 0x00000007c0000000)
  region size 1024K, 66 young (67584K), 5 survivors (5120K)
 Metaspace       used 82138K, capacity 84960K, committed 85200K, reserved 1122304K
  class space    used 10593K, capacity 11766K, committed 11904K, reserved 1048576K
}
Event: 1227.086 GC heap after
{Heap after GC invocations=24 (full 1):
 garbage-first heap   total 130048K, used 43513K [0x0000000740000000, 0x00000007c0000000)
  region size 1024K, 5 young (5120K), 5 survivors (5120K)
 Metaspace       used 82138K, capacity 84960K, committed 85200K, reserved 1122304K
  class space    used 10593K, capacity 11766K, committed 11904K, reserved 1048576K
}

